# JRE version: OpenJDK Runtime Environment (8.0_144-b01) (build 1.8.0_144-b01)
# Java VM: OpenJDK 64-Bit Server VM (25.144-b01 mixed mode linux-amd64 compressed oops)
Heap:
 PSYoungGen      total 154624K, used 128232K [0x00000000eab00000, 0x00000000f5580000, 0x0000000100000000)
  eden space 135680K, 92% used [0x00000000eab00000,0x00000000f2549088,0x00000000f2f80000)
  from space 18944K, 15% used [0x00000000f2f80000,0x00000000f3270fa8,0x00000000f4200000)
  to   space 18432K, 0% used [0x00000000f4380000,0x00000000f4380000,0x00000000f5580000)
 ParOldGen       total 641536K, used 100590K [0x00000000c0000000, 0x00000000e7280000, 0x00000000eab00000)
  object space 641536K, 15% used [0x00000000c0000000,0x00000000c623b800,0x00000000e7280000)
 Metaspace       used 117930K, capacity 127794K, committed 128088K, reserved 1161216K
  class space    used 12968K, capacity 15654K, committed 15744K, reserved 1048576K
GC Heap History (10 events):
Event: 16768.982 GC heap before
{Heap before GC invocations=89 (full 6):
 PSYoungGen      total 153088K, used 133802K [0x00000000eab00000, 0x00000000f5580000, 0x0000000100000000)
  eden space 131072K, 100% used [0x00000000eab00000,0x00000000f2b00000,0x00000000f2b00000)
  from space 22016K, 12% used [0x00000000f4000000,0x00000000f42aaac0,0x00000000f5580000)
  to   space 21504K, 0% used [0x00000000f2b00000,0x00000000f2b00000,0x00000000f4000000)
 ParOldGen       total 641536K, used 100461K [0x00000000c0000000, 0x00000000e7280000, 0x00000000eab00000)
  object space 641536K, 15% used [0x00000000c0000000,0x00000000c621b7e0,0x00000000e7280000)
 Metaspace       used 116833K, capacity 126414K, committed 126680K, reserved 1161216K
  class space    used 12876K, capacity 15561K, committed 15616K, reserved 1048576K
Event: 16768.988 GC heap after
Heap after GC invocations=89 (full 6):
 PSYoungGen      total 152576K, used 2670K [0x00000000eab00000, 0x00000000f5580000, 0x0000000100000000)
  eden space 131072K, 0% used [0x00000000eab00000,0x00000000eab00000,0x00000000f2b00000)
  from space 21504K, 12% used [0x00000000f2b00000,0x00000000f2d9b8e0,0x00000000f4000000)
  to   space 20992K, 0% used [0x00000000f4100000,0x00000000f4100000,0x00000000f5580000)
 ParOldGen       total 641536K, used 100469K [0x00000000c0000000, 0x00000000e7280000, 0x00000000eab00000)
  object space 641536K, 15% used [0x00000000c0000000,0x00000000c621d7e0,0x00000000e7280000)
 Metaspace       used 116833K, capacity 126414K, committed 126680K, reserved 1161216K
  class space    used 12876K, capacity 15561K, committed 15616K, reserved 1048576K
}
Event: 16785.898 GC heap before
{Heap before GC invocations=90 (full 6):
 PSYoungGen      total 152576K, used 133742K [0x00000000eab00000, 0x00000000f5580000, 0x0000000100000000)
  eden space 131072K, 100% used [0x00000000eab00000,0x00000000f2b00000,0x00000000f2b00000)
  from space 21504K, 12% used [0x00000000f2b00000,0x00000000f2d9b8e0,0x00000000f4000000)
  to   space 20992K, 0% used [0x00000000f4100000,0x00000000f4100000,0x00000000f5580000)
 ParOldGen       total 641536K, used 100469K [0x00000000c0000000, 0x00000000e7280000, 0x00000000eab00000)
  object space 641536K, 15% used [0x00000000c0000000,0x00000000c621d7e0,0x00000000e7280000)
 Metaspace       used 116928K, capacity 126608K, committed 126680K, reserved 1161216K
  class space    used 12882K, capacity 15572K, committed 15616K, reserved 1048576K
Event: 16785.920 GC heap after
Heap after GC invocations=90 (full 6):
 PSYoungGen      total 154112K, used 3002K [0x00000000eab00000, 0x00000000f5580000, 0x0000000100000000)
  eden space 133120K, 0% used [0x00000000eab00000,0x00000000eab00000,0x00000000f2d00000)
  from space 20992K, 14% used [0x00000000f4100000,0x00000000f43eeab0,0x00000000f5580000)
  to   space 20480K, 0% used [0x00000000f2d00000,0x00000000f2d00000,0x00000000f4100000)
 ParOldGen       total 641536K, used 100493K [0x00000000c0000000, 0x00000000e7280000, 0x00000000eab00000)
  object space 641536K, 15% used [0x00000000c0000000,0x00000000c62237e0,0x00000000e7280000)
 Metaspace       used 116928K, capacity 126608K, committed 126680K, reserved 1161216K
  class space    used 12882K, capacity 15572K, committed 15616K, reserved 1048576K
}
Event: 16847.685 GC heap before
{Heap before GC invocations=91 (full 6):
 PSYoungGen      total 154112K, used 136122K [0x00000000eab00000, 0x00000000f5580000, 0x0000000100000000)
  eden space 133120K, 100% used [0x00000000eab00000,0x00000000f2d00000,0x00000000f2d00000)
  from space 20992K, 14% used [0x00000000f4100000,0x00000000f43eeab0,0x00000000f5580000)
  to   space 20480K, 0% used [0x00000000f2d00000,0x00000000f2d00000,0x00000000f4100000)
 ParOldGen       total 641536K, used 100493K [0x00000000c0000000, 0x00000000e7280000, 0x00000000eab00000)
  object space 641536K, 15% used [0x00000000c0000000,0x00000000c62237e0,0x00000000e7280000)
 Metaspace       used 116928K, capacity 126608K, committed 126680K, reserved 1161216K
  class space    used 12882K, capacity 15572K, committed 15616K, reserved 1048576K
Event: 16847.709 GC heap after
Heap after GC invocations=91 (full 6):
 PSYoungGen      total 153600K, used 2670K [0x00000000eab00000, 0x00000000f5580000, 0x0000000100000000)
  eden space 133120K, 0% used [0x00000000eab00000,0x00000000eab00000,0x00000000f2d00000)
  from space 20480K, 13% used [0x00000000f2d00000,0x00000000f2f9b900,0x00000000f4100000)
  to   space 19968K, 0% used [0x00000000f4200000,0x00000000f4200000,0x00000000f5580000)
 ParOldGen       total 641536K, used 100517K [0x00000000c0000000, 0x00000000e7280000, 0x00000000eab00000)
  object space 641536K, 15% used [0x00000000c0000000,0x00000000c62297e0,0x00000000e7280000)
 Metaspace       used 116928K, capacity 126608K, committed 126680K, reserved 1161216K
  class space    used 12882K, capacity 15572K, committed 15616K, reserved 1048576K
}
Event: 16893.887 GC heap before
{Heap before GC invocations=92 (full 6):
 PSYoungGen      total 153600K, used 135790K [0x00000000eab00000, 0x00000000f5580000, 0x0000000100000000)
  eden space 133120K, 100% used [0x00000000eab00000,0x00000000f2d00000,0x00000000f2d00000)
  from space 20480K, 13% used [0x00000000f2d00000,0x00000000f2f9b900,0x00000000f4100000)
  to   space 19968K, 0% used [0x00000000f4200000,0x00000000f4200000,0x00000000f5580000)
 ParOldGen       total 641536K, used 100517K [0x00000000c0000000, 0x00000000e7280000, 0x00000000eab00000)
  object space 641536K, 15% used [0x00000000c0000000,0x00000000c62297e0,0x00000000e7280000)
 Metaspace       used 116960K, capacity 126608K, committed 126680K, reserved 1161216K
  class space    used 12882K, capacity 15572K, committed 15616K, reserved 1048576K
Event: 16893.902 GC heap after
Heap after GC invocations=92 (full 6):
 PSYoungGen      total 155648K, used 2750K [0x00000000eab00000, 0x00000000f5580000, 0x0000000100000000)
  eden space 135680K, 0% used [0x00000000eab00000,0x00000000eab00000,0x00000000f2f80000)
  from space 19968K, 13% used [0x00000000f4200000,0x00000000f44af910,0x00000000f5580000)
  to   space 18944K, 0% used [0x00000000f2f80000,0x00000000f2f80000,0x00000000f4200000)
 ParOldGen       total 641536K, used 100541K [0x00000000c0000000, 0x00000000e7280000, 0x00000000eab00000)
  object space 641536K, 15% used [0x00000000c0000000,0x00000000c622f7e0,0x00000000e7280000)
 Metaspace       used 116960K, capacity 126608K, committed 126680K, reserved 1161216K
  class space    used 12882K, capacity 15572K, committed 15616K, reserved 1048576K
}
Event: 16947.183 GC heap before
{Heap before GC invocations=93 (full 6):
 PSYoungGen      total 155648K, used 138430K [0x00000000eab00000, 0x00000000f5580000, 0x0000000100000000)
  eden space 135680K, 100% used [0x00000000eab00000,0x00000000f2f80000,0x00000000f2f80000)
  from space 19968K, 13% used [0x00000000f4200000,0x00000000f44af910,0x00000000f5580000)
  to   space 18944K, 0% used [0x00000000f2f80000,0x00000000f2f80000,0x00000000f4200000)
 ParOldGen       total 641536K, used 100541K [0x00000000c0000000, 0x00000000e7280000, 0x00000000eab00000)
  object space 641536K, 15% used [0x00000000c0000000,0x00000000c622f7e0,0x00000000e7280000)
 Metaspace       used 117192K, capacity 127166K, committed 127320K, reserved 1161216K
  class space    used 12903K, capacity 15617K, committed 15744K, reserved 1048576K
Event: 16947.189 GC heap after
Heap after GC invocations=93 (full 6):
 PSYoungGen      total 154624K, used 3011K [0x00000000eab00000, 0x00000000f5580000, 0x0000000100000000)
  eden space 135680K, 0% used [0x00000000eab00000,0x00000000eab00000,0x00000000f2f80000)
  from space 18944K, 15% used [0x00000000f2f80000,0x00000000f3270fa8,0x00000000f4200000)
  to   space 18432K, 0% used [0x00000000f4380000,0x00000000f4380000,0x00000000f5580000)
 ParOldGen       total 641536K, used 100590K [0x00000000c0000000, 0x00000000e7280000, 0x00000000eab00000)
  object space 641536K, 15% used [0x00000000c0000000,0x00000000c623b800,0x00000000e7280000)
 Metaspace       used 117192K, capacity 127166K, committed 127320K, reserved 1161216K
  class space    used 12903K, capacity 15617K, committed 15744K, reserved 1048576K
}

